#
# A fatal error has been detected by the Java Runtime Environment:
#
#  EXCEPTION_ACCESS_VIOLATION (0xc0000005) at pc=0x00007ffb2c83d169, pid=20364, tid=0x0000000000000220
#
# JRE version: Java(TM) SE Runtime Environment (8.0_301-b09) (build 1.8.0_301-b09)
# Java VM: Java HotSpot(TM) 64-Bit Server VM (25.301-b09 mixed mode windows-amd64 compressed oops)
# Problematic frame:
# C  [ig11icd64.dll+0x56d169]
#
# Failed to write core dump. Minidumps are not enabled by default on client versions of Windows
#
# If you would like to submit a bug report, please visit:
#   http://bugreport.java.com/bugreport/crash.jsp
#

---------------  T H R E A D  ---------------

Current thread (0x000002e018e78800):  VMThread [stack: 0x000000e8c4e00000,0x000000e8c4f00000] [id=544]

siginfo: ExceptionCode=0xc0000005, reading address 0x0000000000035378

Registers:
RAX=0x000002e01b3bb680, RBX=0x000002e01b3bb590, RCX=0x0000000000000000, RDX=0x000002e01b3bb680
RSP=0x000000e8c4efecf0, RBP=0x000002e01b19ced0, RSI=0x000002e01b3bbac8, RDI=0x000002e01b1577f0
R8 =0x0000000000000014, R9 =0x0000000000000000, R10=0x0000000000000000, R11=0x0000000000000246
R12=0x0000000000000000, R13=0x0000000000000000, R14=0x0000000000000000, R15=0x0000000000000000
RIP=0x00007ffb2c83d169, EFLAGS=0x0000000000010202

Top of Stack: (sp=0x000000e8c4efecf0)
0x000000e8c4efecf0:   000002e01b1f5a40 005d51b601487ab5
0x000000e8c4efed00:   000000e8c4efed38 0000005400000000
0x000000e8c4efed10:   00007ffb2d22b740 0000000000000000
0x000000e8c4efed20:   000002e01b105990 0000000000000070
0x000000e8c4efed30:   0000000000000000 00007ffb2c81e3ea
0x000000e8c4efed40:   000002e01b1f5a40 000002e01b1577f0
0x000000e8c4efed50:   000000e8c4efee40 000000000000126d
0x000000e8c4efed60:   000000e8000003f4 01410bdd00000000
0x000000e8c4efed70:   0000000000000000 0136d8df0122d5df
0x000000e8c4efed80:   02ac83e101c8f5e0 012f19e301c8f5e1
0x000000e8c4efed90:   009b19e6014c2ce4 013016e7012bb9e6
0x000000e8c4efeda0:   0140ebe7013b9be7 02b31be901c6a4e8
0x000000e8c4efedb0:   00a78ae902b772e9 00534aed00f5d1e9
0x000000e8c4efedc0:   014e0ef0009c4aed 01439ff100dd3af0
0x000000e8c4efedd0:   014089f300b00cf2 012806f400d39ef3
0x000000e8c4efede0:   013d79f4005e74f4 012fc8f4007aadf4 

Instructions: (pc=0x00007ffb2c83d169)
0x00007ffb2c83d149:   1d 8b c1 83 e0 0f 48 c1 e0 06 48 03 c2 48 85 c0
0x00007ffb2c83d159:   74 0c 48 8b 48 08 eb 08 48 83 c0 08 eb ef 33 c9
0x00007ffb2c83d169:   49 3b 8e 78 53 03 00 76 6b 48 8b 87 80 02 00 00
0x00007ffb2c83d179:   48 89 06 48 89 9f 80 02 00 00 ff 87 88 02 00 00 


Register to memory mapping:

RAX=0x000002e01b3bb680 is an unknown value
RBX=0x000002e01b3bb590 is an unknown value
RCX=0x0000000000000000 is an unknown value
RDX=0x000002e01b3bb680 is an unknown value
RSP=0x000000e8c4efecf0 is an unknown value
RBP=0x000002e01b19ced0 is an unknown value
RSI=0x000002e01b3bbac8 is an unknown value
RDI=0x000002e01b1577f0 is an unknown value
R8 =0x0000000000000014 is an unknown value
R9 =0x0000000000000000 is an unknown value
R10=0x0000000000000000 is an unknown value
R11=0x0000000000000246 is an unknown value
R12=0x0000000000000000 is an unknown value
R13=0x0000000000000000 is an unknown value
R14=0x0000000000000000 is an unknown value
R15=0x0000000000000000 is an unknown value


Stack: [0x000000e8c4e00000,0x000000e8c4f00000],  sp=0x000000e8c4efecf0,  free space=1019k
Native frames: (J=compiled Java code, j=interpreted, Vv=VM code, C=native code)
C  [ig11icd64.dll+0x56d169]
C  [ig11icd64.dll+0x54e3ea]
C  [ig11icd64.dll+0x645ea1]
C  [ig11icd64.dll+0x5ab700]
C  [ig11icd64.dll+0x642a22]
C  [ig11icd64.dll+0x642bbd]
C  [ig11icd64.dll+0x549ac9]
C  [ig11icd64.dll+0x549949]
C  [ig11icd64.dll+0x4fea8b]
C  [ntdll.dll+0x19a1d]
C  [ntdll.dll+0x5dcda]
C  [ntdll.dll+0x5da8d]
C  [KERNEL32.DLL+0x1e3bb]
C  [ucrtbase.dll+0x205bc]
C  [ucrtbase.dll+0x2045f]
V  [jvm.dll+0x20a8f5]
V  [jvm.dll+0x2455f6]
V  [jvm.dll+0x245b57]
V  [jvm.dll+0x2442c5]
V  [jvm.dll+0x244a3c]
V  [jvm.dll+0x244d4c]
V  [jvm.dll+0x2923dc]
C  [ucrtbase.dll+0x21bb2]
C  [KERNEL32.DLL+0x17344]
C  [ntdll.dll+0x526b1]

VM_Operation (0x000000e8c60ff020): Exit, mode: safepoint, requested by thread 0x000002e01b70b800


---------------  P R O C E S S  ---------------

Java Threads: ( => current thread )
  0x000002e01b63b000 JavaThread "AWT-Shutdown" [_thread_blocked, id=9492, stack(0x000000e8c6300000,0x000000e8c6400000)]
  0x000002e01b70b800 JavaThread "SIGINT handler" daemon [_thread_blocked, id=9532, stack(0x000000e8c6000000,0x000000e8c6100000)]
  0x000002e01b627800 JavaThread "Java2D Disposer" daemon [_thread_blocked, id=20332, stack(0x000000e8c5f00000,0x000000e8c6000000)]
  0x000002e01a617000 JavaThread "Service Thread" daemon [_thread_blocked, id=19316, stack(0x000000e8c5700000,0x000000e8c5800000)]
  0x000002e01a610000 JavaThread "C1 CompilerThread2" daemon [_thread_blocked, id=5212, stack(0x000000e8c5600000,0x000000e8c5700000)]
  0x000002e01a5b0800 JavaThread "C2 CompilerThread1" daemon [_thread_blocked, id=1856, stack(0x000000e8c5500000,0x000000e8c5600000)]
  0x000002e01a5ac000 JavaThread "C2 CompilerThread0" daemon [_thread_blocked, id=22000, stack(0x000000e8c5400000,0x000000e8c5500000)]
  0x000002e01a5aa800 JavaThread "Monitor Ctrl-Break" daemon [_thread_in_native, id=7144, stack(0x000000e8c5300000,0x000000e8c5400000)]
  0x000002e018ed9000 JavaThread "Attach Listener" daemon [_thread_blocked, id=4492, stack(0x000000e8c5200000,0x000000e8c5300000)]
  0x000002e018ed8000 JavaThread "Signal Dispatcher" daemon [_thread_blocked, id=3452, stack(0x000000e8c5100000,0x000000e8c5200000)]
  0x000002e018eaa800 JavaThread "Finalizer" daemon [_thread_blocked, id=1416, stack(0x000000e8c5000000,0x000000e8c5100000)]
  0x000002e018ea3000 JavaThread "Reference Handler" daemon [_thread_blocked, id=13000, stack(0x000000e8c4f00000,0x000000e8c5000000)]
  0x000002e002f5c000 JavaThread "main" [_thread_blocked, id=10056, stack(0x000000e8c4900000,0x000000e8c4a00000)]

Other Threads:
=>0x000002e018e78800 VMThread [stack: 0x000000e8c4e00000,0x000000e8c4f00000] [id=544]

VM state:at safepoint (shutting down)

VM Mutex/Monitor currently owned by a thread:  ([mutex/lock_event])
[0x000002e002f5aff0] Threads_lock - owner thread: 0x000002e018e78800

heap address: 0x0000000084000000, size: 1984 MB, Compressed Oops mode: 32-bit
Narrow klass base: 0x0000000000000000, Narrow klass shift: 3
Compressed class space size: 1073741824 Address: 0x0000000100000000

Heap:
 PSYoungGen      total 36864K, used 25438K [0x00000000d6b00000, 0x00000000d9400000, 0x0000000100000000)
  eden space 31744K, 80% used [0x00000000d6b00000,0x00000000d83d78f8,0x00000000d8a00000)
  from space 5120K, 0% used [0x00000000d8f00000,0x00000000d8f00000,0x00000000d9400000)
  to   space 5120K, 0% used [0x00000000d8a00000,0x00000000d8a00000,0x00000000d8f00000)
 ParOldGen       total 84992K, used 0K [0x0000000084000000, 0x0000000089300000, 0x00000000d6b00000)
  object space 84992K, 0% used [0x0000000084000000,0x0000000084000000,0x0000000089300000)
 Metaspace       used 9051K, capacity 9260K, committed 9472K, reserved 1058816K
  class space    used 880K, capacity 989K, committed 1024K, reserved 1048576K

Card table byte_map: [0x000002e013c20000,0x000002e014010000] byte_map_base: 0x000002e013800000

Marking Bits: (ParMarkBitMap*) 0x000000006db07fe0
 Begin Bits: [0x000002e0142b0000, 0x000002e0161b0000)
 End Bits:   [0x000002e0161b0000, 0x000002e0180b0000)

Polling page: 0x000002e004830000

CodeCache: size=245760Kb used=3253Kb max_used=3267Kb free=242506Kb
 bounds [0x000002e004860000, 0x000002e004ba0000, 0x000002e013860000]
 total_blobs=1703 nmethods=729 adapters=887
 compilation: enabled

Compilation events (10 events):
Event: 7.341 Thread 0x000002e01a610000  720       3       org.lwjgl.glfw.GLFW::glfwGetTime (9 bytes)
Event: 7.341 Thread 0x000002e01a610000 nmethod 720 0x000002e004b8ae10 code [0x000002e004b8af80, 0x000002e004b8b0f0]
Event: 7.473 Thread 0x000002e01a5b0800  726       4       java.nio.Buffer::flip (20 bytes)
Event: 7.473 Thread 0x000002e01a5b0800 nmethod 726 0x000002e004b8f190 code [0x000002e004b8f2c0, 0x000002e004b8f338]
Event: 9.805 Thread 0x000002e01a610000  727       1       java.nio.Buffer::rewind (12 bytes)
Event: 9.805 Thread 0x000002e01a610000 nmethod 727 0x000002e004b8eed0 code [0x000002e004b8f020, 0x000002e004b8f138]
Event: 13.866 Thread 0x000002e01a5ac000  728       4       utils.MouseUtils::<init> (45 bytes)
Event: 13.866 Thread 0x000002e01a5b0800  729       4       java.awt.Rectangle::<init> (26 bytes)
Event: 13.867 Thread 0x000002e01a5b0800 nmethod 729 0x000002e004b8d7d0 code [0x000002e004b8d900, 0x000002e004b8d978]
Event: 13.874 Thread 0x000002e01a5ac000 nmethod 728 0x000002e004b8f390 code [0x000002e004b8f560, 0x000002e004b90158]

GC Heap History (0 events):
No events

Deoptimization events (2 events):
Event: 0.505 Thread 0x000002e002f5c000 Uncommon trap: reason=unstable_if action=reinterpret pc=0x000002e004a0cdc4 method=java.lang.String.indexOf([CII[CIII)I @ 134
Event: 0.945 Thread 0x000002e002f5c000 Uncommon trap: reason=unstable_if action=reinterpret pc=0x000002e004a392e8 method=java.io.WinNTFileSystem.isLetter(C)Z @ 3

Classes redefined (0 events):
No events

Internal exceptions (10 events):
Event: 0.605 Thread 0x000002e002f5c000 Exception <a 'sun/nio/fs/WindowsException'> (0x00000000d7949240) thrown at [C:\jenkins\workspace\8-2-build-windows-amd64-cygwin\jdk8u301\1513\hotspot\src\share\vm\prims\jni.cpp, line 710]
Event: 0.605 Thread 0x000002e002f5c000 Exception <a 'sun/nio/fs/WindowsException'> (0x00000000d7949970) thrown at [C:\jenkins\workspace\8-2-build-windows-amd64-cygwin\jdk8u301\1513\hotspot\src\share\vm\prims\jni.cpp, line 710]
Event: 0.627 Thread 0x000002e002f5c000 Exception <a 'sun/nio/fs/WindowsException'> (0x00000000d7a43940) thrown at [C:\jenkins\workspace\8-2-build-windows-amd64-cygwin\jdk8u301\1513\hotspot\src\share\vm\prims\jni.cpp, line 710]
Event: 0.627 Thread 0x000002e002f5c000 Exception <a 'sun/nio/fs/WindowsException'> (0x00000000d7a44020) thrown at [C:\jenkins\workspace\8-2-build-windows-amd64-cygwin\jdk8u301\1513\hotspot\src\share\vm\prims\jni.cpp, line 710]
Event: 0.730 Thread 0x000002e002f5c000 Exception <a 'sun/nio/fs/WindowsException'> (0x00000000d7ae1360) thrown at [C:\jenkins\workspace\8-2-build-windows-amd64-cygwin\jdk8u301\1513\hotspot\src\share\vm\prims\jni.cpp, line 710]
Event: 0.730 Thread 0x000002e002f5c000 Exception <a 'sun/nio/fs/WindowsException'> (0x00000000d7ae1aa0) thrown at [C:\jenkins\workspace\8-2-build-windows-amd64-cygwin\jdk8u301\1513\hotspot\src\share\vm\prims\jni.cpp, line 710]
Event: 0.735 Thread 0x000002e002f5c000 Exception <a 'sun/nio/fs/WindowsException'> (0x00000000d7b12c58) thrown at [C:\jenkins\workspace\8-2-build-windows-amd64-cygwin\jdk8u301\1513\hotspot\src\share\vm\prims\jni.cpp, line 710]
Event: 0.735 Thread 0x000002e002f5c000 Exception <a 'sun/nio/fs/WindowsException'> (0x00000000d7b13250) thrown at [C:\jenkins\workspace\8-2-build-windows-amd64-cygwin\jdk8u301\1513\hotspot\src\share\vm\prims\jni.cpp, line 710]
Event: 0.915 Thread 0x000002e002f5c000 Exception <a 'java/io/FileNotFoundException'> (0x00000000d7cd14a0) thrown at [C:\jenkins\workspace\8-2-build-windows-amd64-cygwin\jdk8u301\1513\hotspot\src\share\vm\prims\jni.cpp, line 710]
Event: 0.945 Thread 0x000002e002f5c000 Exception <a 'java/io/FileNotFoundException'> (0x00000000d7d9eac0) thrown at [C:\jenkins\workspace\8-2-build-windows-amd64-cygwin\jdk8u301\1513\hotspot\src\share\vm\prims\jni.cpp, line 710]

Events (10 events):
Event: 13.814 Thread 0x000002e01b70b800 Thread added: 0x000002e01b70b800
Event: 13.814 loading class java/util/IdentityHashMap$KeySet
Event: 13.814 loading class java/util/IdentityHashMap$KeySet done
Event: 13.815 loading class java/util/IdentityHashMap$KeyIterator
Event: 13.815 loading class java/util/IdentityHashMap$KeyIterator done
Event: 13.815 Thread 0x000002e01b63a800 Thread added: 0x000002e01b63a800
Event: 13.815 Thread 0x000002e01b63b000 Thread added: 0x000002e01b63b000
Event: 13.817 Thread 0x000002e01b621000 Thread exited: 0x000002e01b621000
Event: 13.917 Thread 0x000002e01b63a800 Thread exited: 0x000002e01b63a800
Event: 13.917 Executing VM operation: Exit


Dynamic libraries:
0x00007ff7743c0000 - 0x00007ff774407000 	C:\Program Files\Java\jdk1.8.0_301\bin\java.exe
0x00007ffb77890000 - 0x00007ffb77a88000 	C:\WINDOWS\SYSTEM32\ntdll.dll
0x00007ffb76890000 - 0x00007ffb7694d000 	C:\WINDOWS\System32\KERNEL32.DLL
0x00007ffb75470000 - 0x00007ffb75766000 	C:\WINDOWS\System32\KERNELBASE.dll
0x00007ffb763b0000 - 0x00007ffb76463000 	C:\WINDOWS\System32\ADVAPI32.dll
0x00007ffb75da0000 - 0x00007ffb75e3e000 	C:\WINDOWS\System32\msvcrt.dll
0x00007ffb75ea0000 - 0x00007ffb75f3f000 	C:\WINDOWS\System32\sechost.dll
0x00007ffb75c70000 - 0x00007ffb75d96000 	C:\WINDOWS\System32\RPCRT4.dll
0x00007ffb758b0000 - 0x00007ffb758d7000 	C:\WINDOWS\System32\bcrypt.dll
0x00007ffb776b0000 - 0x00007ffb7784e000 	C:\WINDOWS\System32\USER32.dll
0x00007ffb75380000 - 0x00007ffb753a2000 	C:\WINDOWS\System32\win32u.dll
0x00007ffb77100000 - 0x00007ffb7712c000 	C:\WINDOWS\System32\GDI32.dll
0x00007ffb751c0000 - 0x00007ffb752da000 	C:\WINDOWS\System32\gdi32full.dll
0x00007ffb752e0000 - 0x00007ffb7537d000 	C:\WINDOWS\System32\msvcp_win.dll
0x00007ffb750c0000 - 0x00007ffb751c0000 	C:\WINDOWS\System32\ucrtbase.dll
0x00007ffb62c50000 - 0x00007ffb62eea000 	C:\WINDOWS\WinSxS\amd64_microsoft.windows.common-controls_6595b64144ccf1df_6.0.19041.3636_none_60b6a03d71f818d5\COMCTL32.dll
0x00007ffb77520000 - 0x00007ffb77550000 	C:\WINDOWS\System32\IMM32.DLL
0x00007ffb6e5a0000 - 0x00007ffb6e5b5000 	C:\Program Files\Java\jdk1.8.0_301\jre\bin\vcruntime140.dll
0x00007ffb64580000 - 0x00007ffb6461b000 	C:\Program Files\Java\jdk1.8.0_301\jre\bin\msvcp140.dll
0x000000006d320000 - 0x000000006db80000 	C:\Program Files\Java\jdk1.8.0_301\jre\bin\server\jvm.dll
0x00007ffb776a0000 - 0x00007ffb776a8000 	C:\WINDOWS\System32\PSAPI.DLL
0x00007ffb6ec20000 - 0x00007ffb6ec29000 	C:\WINDOWS\SYSTEM32\WSOCK32.dll
0x00007ffb5c720000 - 0x00007ffb5c747000 	C:\WINDOWS\SYSTEM32\WINMM.dll
0x00007ffb77130000 - 0x00007ffb7719b000 	C:\WINDOWS\System32\WS2_32.dll
0x00007ffb6ded0000 - 0x00007ffb6deda000 	C:\WINDOWS\SYSTEM32\VERSION.dll
0x00007ffb737a0000 - 0x00007ffb737b2000 	C:\WINDOWS\SYSTEM32\kernel.appcore.dll
0x00007ffb6e730000 - 0x00007ffb6e740000 	C:\Program Files\Java\jdk1.8.0_301\jre\bin\verify.dll
0x00007ffb6e370000 - 0x00007ffb6e39b000 	C:\Program Files\Java\jdk1.8.0_301\jre\bin\java.dll
0x00007ffb6e340000 - 0x00007ffb6e370000 	C:\Program Files\Java\jdk1.8.0_301\jre\bin\instrument.dll
0x00007ffb6e490000 - 0x00007ffb6e4a8000 	C:\Program Files\Java\jdk1.8.0_301\jre\bin\zip.dll
0x00007ffb769b0000 - 0x00007ffb770f5000 	C:\WINDOWS\System32\SHELL32.dll
0x00007ffb72ff0000 - 0x00007ffb7378b000 	C:\WINDOWS\SYSTEM32\windows.storage.dll
0x00007ffb771a0000 - 0x00007ffb774f4000 	C:\WINDOWS\System32\combase.dll
0x00007ffb748c0000 - 0x00007ffb748ed000 	C:\WINDOWS\SYSTEM32\Wldp.dll
0x00007ffb76620000 - 0x00007ffb766cd000 	C:\WINDOWS\System32\SHCORE.dll
0x00007ffb75e40000 - 0x00007ffb75e95000 	C:\WINDOWS\System32\shlwapi.dll
0x00007ffb74e90000 - 0x00007ffb74eb5000 	C:\WINDOWS\SYSTEM32\profapi.dll
0x00007ffb67090000 - 0x00007ffb670aa000 	D:\IntelliJ IDEA Community Edition 2021.2.3\bin\breakgen64.dll
0x00007ffb6e320000 - 0x00007ffb6e33c000 	C:\Program Files\Java\jdk1.8.0_301\jre\bin\net.dll
0x00007ffb74620000 - 0x00007ffb7468a000 	C:\WINDOWS\system32\mswsock.dll
0x00007ffb6e2e0000 - 0x00007ffb6e2f3000 	C:\Program Files\Java\jdk1.8.0_301\jre\bin\nio.dll
0x00007ffb3f8d0000 - 0x00007ffb3f94b000 	C:\Users\_kbmb_\AppData\Local\Temp\lwjgl__kbmb_\3.3.3+5\x64\lwjgl.dll
0x00007ffb2f690000 - 0x00007ffb2f900000 	C:\Users\_kbmb_\AppData\Local\Temp\lwjgl__kbmb_\3.3.3+5\x64\jemalloc.dll
0x00007ffb3e180000 - 0x00007ffb3e202000 	C:\Users\_kbmb_\AppData\Local\Temp\lwjgl__kbmb_\3.3.3+5\x64\glfw.dll
0x00007ffb49a60000 - 0x00007ffb49aa5000 	C:\WINDOWS\SYSTEM32\dinput8.dll
0x00007ffb62aa0000 - 0x00007ffb62ab1000 	C:\WINDOWS\SYSTEM32\xinput1_4.dll
0x00007ffb75420000 - 0x00007ffb7546e000 	C:\WINDOWS\System32\cfgmgr32.dll
0x00007ffb74c20000 - 0x00007ffb74c53000 	C:\WINDOWS\SYSTEM32\DEVOBJ.dll
0x00007ffb72780000 - 0x00007ffb727af000 	C:\WINDOWS\SYSTEM32\dwmapi.dll
0x00007ffb6ec80000 - 0x00007ffb6edd2000 	C:\WINDOWS\SYSTEM32\inputhost.dll
0x00007ffb775d0000 - 0x00007ffb7769d000 	C:\WINDOWS\System32\OLEAUT32.dll
0x00007ffb72180000 - 0x00007ffb72272000 	C:\WINDOWS\SYSTEM32\CoreMessaging.dll
0x00007ffb70ac0000 - 0x00007ffb70c15000 	C:\WINDOWS\SYSTEM32\wintypes.dll
0x00007ffb70500000 - 0x00007ffb705f6000 	C:\WINDOWS\SYSTEM32\PROPSYS.dll
0x00007ffb75820000 - 0x00007ffb758a2000 	C:\WINDOWS\System32\bcryptPrimitives.dll
0x00007ffb71e20000 - 0x00007ffb7217b000 	C:\WINDOWS\SYSTEM32\CoreUIComponents.dll
0x00007ffb74070000 - 0x00007ffb740a3000 	C:\WINDOWS\SYSTEM32\ntmarta.dll
0x00007ffb72580000 - 0x00007ffb7261e000 	C:\WINDOWS\system32\uxtheme.dll
0x00007ffb758e0000 - 0x00007ffb759f4000 	C:\WINDOWS\System32\MSCTF.dll
0x00007ffb54340000 - 0x00007ffb54465000 	C:\WINDOWS\SYSTEM32\opengl32.dll
0x00007ffb64550000 - 0x00007ffb6457c000 	C:\WINDOWS\SYSTEM32\GLU32.dll
0x00007ffb76510000 - 0x00007ffb765b9000 	C:\WINDOWS\System32\clbcatq.dll
0x00007ffb2c2d0000 - 0x00007ffb2d2f5000 	C:\WINDOWS\System32\DriverStore\FileRepository\iigd_dch.inf_amd64_4b31d9b38e2bb506\ig11icd64.dll
0x00007ffb75ae0000 - 0x00007ffb75c0b000 	C:\WINDOWS\System32\ole32.dll
0x00007ffb73810000 - 0x00007ffb73903000 	C:\WINDOWS\system32\dxgi.dll
0x00007ffb2f250000 - 0x00007ffb2f68c000 	C:\WINDOWS\System32\DriverStore\FileRepository\iigd_dch.inf_amd64_4b31d9b38e2bb506\igdml64.dll
0x00007ffb6a7b0000 - 0x00007ffb6aae6000 	C:\WINDOWS\System32\DriverStore\FileRepository\iigd_dch.inf_amd64_4b31d9b38e2bb506\igdgmm64.dll
0x00007ffb67810000 - 0x00007ffb6a59f000 	C:\WINDOWS\System32\DriverStore\FileRepository\iigd_dch.inf_amd64_4b31d9b38e2bb506\igc64.dll
0x00007ffb74dc0000 - 0x00007ffb74e0b000 	C:\WINDOWS\SYSTEM32\powrprof.dll
0x00007ffb74da0000 - 0x00007ffb74db2000 	C:\WINDOWS\SYSTEM32\UMPDC.dll
0x00007ffb6f2d0000 - 0x00007ffb6f3c9000 	C:\WINDOWS\SYSTEM32\textinputframework.dll
0x00007ffb40be0000 - 0x00007ffb40c3e000 	C:\Users\_kbmb_\AppData\Local\Temp\lwjgl__kbmb_\3.3.3+5\x64\lwjgl_opengl.dll
0x00007ffb2f9c0000 - 0x00007ffb2fb55000 	C:\Program Files\Java\jdk1.8.0_301\jre\bin\awt.dll
0x00007ffb723c0000 - 0x00007ffb72450000 	C:\WINDOWS\SYSTEM32\apphelp.dll
0x00007ffb72bc0000 - 0x00007ffb72da4000 	C:\WINDOWS\SYSTEM32\dbghelp.dll

VM Arguments:
jvm_args: -javaagent:D:\IntelliJ IDEA Community Edition 2021.2.3\lib\idea_rt.jar=1636:D:\IntelliJ IDEA Community Edition 2021.2.3\bin -Dfile.encoding=UTF-8 
java_command: lo1qsk1der.Main
java_class_path (initial): C:\Program Files\Java\jdk1.8.0_301\jre\lib\charsets.jar;C:\Program Files\Java\jdk1.8.0_301\jre\lib\deploy.jar;C:\Program Files\Java\jdk1.8.0_301\jre\lib\ext\access-bridge-64.jar;C:\Program Files\Java\jdk1.8.0_301\jre\lib\ext\cldrdata.jar;C:\Program Files\Java\jdk1.8.0_301\jre\lib\ext\dnsns.jar;C:\Program Files\Java\jdk1.8.0_301\jre\lib\ext\jaccess.jar;C:\Program Files\Java\jdk1.8.0_301\jre\lib\ext\jfxrt.jar;C:\Program Files\Java\jdk1.8.0_301\jre\lib\ext\localedata.jar;C:\Program Files\Java\jdk1.8.0_301\jre\lib\ext\nashorn.jar;C:\Program Files\Java\jdk1.8.0_301\jre\lib\ext\sunec.jar;C:\Program Files\Java\jdk1.8.0_301\jre\lib\ext\sunjce_provider.jar;C:\Program Files\Java\jdk1.8.0_301\jre\lib\ext\sunmscapi.jar;C:\Program Files\Java\jdk1.8.0_301\jre\lib\ext\sunpkcs11.jar;C:\Program Files\Java\jdk1.8.0_301\jre\lib\ext\zipfs.jar;C:\Program Files\Java\jdk1.8.0_301\jre\lib\javaws.jar;C:\Program Files\Java\jdk1.8.0_301\jre\lib\jce.jar;C:\Program Files\Java\jdk1.8.0_301\jre\lib\jfr.jar;C:\Program Files\Java\jdk1.8.0_301\jre\lib\jfxswt.jar;C:\Program Files\Java\jdk1.8.0_301\jre\lib\jsse.jar;C:\Program Files\Java\jdk1.8.0_301\jre\lib\management-agent.jar;C:\Program Files\Java\jdk1.8.0_301\jre\lib\plugin.jar;C:\Program Files\Java\jdk1.8.0_301\jre\lib\resources.jar;C:\Program Files\Java\jdk1.8.0_301\jre\lib\rt.jar;C:\Users\_kbmb_\Desktop\ljwgl-project\target\classes;C:\Users\_kbmb_\Desktop\ljwgl-project\dependency\lwjgl.jar;C:\Users\_kbmb_\Desktop\ljwgl-project\dependency\lwjgl-egl.jar;C:\Users\_kbmb_\Desktop\ljwgl-project\dependency\lwjgl-ktx.jar;C:\Users\_kbmb_\Desktop\ljwgl-project\dependency\lwjgl-lz4.jar;C:\Users\_kbmb_\Desktop\ljwgl-project\dependency\lwjgl-nfd.jar;C:\Users\_kbmb_\Desktop\ljwgl-project\dependency\lwjgl-ovr.jar;C:\Users\_kbmb_\Desktop\ljwgl-project\dependency\lwjgl-par.jar;C:\Users\_kbmb_\Desktop\ljwgl-project\dependency\lwjgl-sse.jar;C:\Users\_kbmb_\Desktop\ljwgl-project\dependency\lwjgl-stb.jar;C:\Users\_kbmb_\Desktop\ljwgl-pro
Launcher Type: SUN_STANDARD

Environment Variables:
JAVA_HOME=C:\Program Files\Java\jdk1.8.0_301
CLASSPATH=.;C:\Program Files\Java\jdk1.8.0_301\lib;
PATH=C:\Program Files\Common Files\Oracle\Java\javapath;C:\Program Files\Common Files\Siemens\Automation\Simatic OAM\bin;D:\Vmware\bin\;C:\Program Files\Java\jre1.8.0_311\bin;C:\WINDOWS\system32;C:\WINDOWS;C:\WINDOWS\System32\Wbem;C:\WINDOWS\System32\WindowsPowerShell\v1.0\;C:\WINDOWS\System32\OpenSSH\;C:\Program Files\Java\jdk1.8.0_301;C:\Program Files\dotnet\;C:\Program Files\Java\jdk1.8.0_301\bin;C:\Users\_kbmb_\Desktop\gradle-7.5\bin;C:\Users\_kbmb_\Desktop\Maven\bin;C:\Users\_kbmb_\Desktop\MinGw64\bin;C:\Program Files\Cloudflare\Cloudflare WARP\;C:\Program Files\Git\cmd;D:\blur;C:\Users\_kbmb_\AppData\Local\Programs\Python\Python312;C:\Users\_kbmb_\AppData\Local\Programs\Python\Python312\Scripts;D:\toolbox\scripts;C:\Program Files (x86)\ZeroTier\One\;C:\Program Files\Java\jre1.8.0_311\bin;C:\Users\_kbmb_\AppData\Local\Microsoft\WindowsApps;C:\Program Files\Bandizip\;D:\IntelliJ IDEA Community Edition 2021.2.3\bin;;D:\Microsoft VS Code\bin;C:\Users\_kbmb_\AppData\Local\JetBrains\Toolbox\scripts;D:\CLion 2022.2.4\bin;;D:\qq游戏\QQGameTempest\Hall.58012\;C:\Users\_kbmb_\AppData\Local\Programs\Python\Python312;C:\Users\_kbmb_\AppData\Local\Programs\Python\Python312\Scripts;D:\toolbox\scripts;D:\Nmap;C:\Users\_kbmb_\AppData\Local\GitHubDesktop\bin
USERNAME=_kbmb_
OS=Windows_NT
PROCESSOR_IDENTIFIER=Intel64 Family 6 Model 126 Stepping 5, GenuineIntel



---------------  S Y S T E M  ---------------

OS: Windows 10.0 , 64 bit Build 19041 (10.0.19041.3636)

CPU:total 4 (initial active 4) (2 cores per cpu, 2 threads per core) family 6 model 126 stepping 5, cmov, cx8, fxsr, mmx, sse, sse2, sse3, ssse3, sse4.1, sse4.2, popcnt, avx, avx2, aes, clmul, erms, 3dnowpref, lzcnt, ht, tsc, tscinvbit, bmi1, bmi2, adx

Memory: 4k page, physical 8124792k(1092796k free), swap 17706320k(7294424k free)

vm_info: Java HotSpot(TM) 64-Bit Server VM (25.301-b09) for windows-amd64 JRE (1.8.0_301-b09), built on Jun  9 2021 06:46:21 by "java_re" with MS VC++ 15.9 (VS2017)

time: Sat Feb  3 15:38:57 2024
timezone: 中国标准时间
elapsed time: 14.300236 seconds (0d 0h 0m 14s)

